2025-02-17T03:13:03.343-08:00  INFO 6008 --- [vehicle-app] [main] c.naga.app.VehicleAppApplicationTests    : Starting VehicleAppApplicationTests using Java 23.0.2 with PID 6008 (started by admin in C:\Users\admin\IdeaProjects\Nagaraju\Day20\vehicle-app)
2025-02-17T03:13:03.346-08:00  INFO 6008 --- [vehicle-app] [main] c.naga.app.VehicleAppApplicationTests    : No active profile set, falling back to 1 default profile: "default"
2025-02-17T03:13:06.814-08:00  INFO 6008 --- [vehicle-app] [main] o.s.b.a.e.web.EndpointLinksResolver      : Exposing 1 endpoint beneath base path '/actuator'
2025-02-17T03:13:06.971-08:00  INFO 6008 --- [vehicle-app] [main] c.naga.app.VehicleAppApplicationTests    : Started VehicleAppApplicationTests in 4.38 seconds (process running for 6.631)
2025-02-17T03:14:02.869-08:00  INFO 10976 --- [vehicle-app] [main] com.naga.app.VehicleAppApplication       : Starting VehicleAppApplication using Java 23.0.2 with PID 10976 (C:\Users\admin\IdeaProjects\Nagaraju\Day20\vehicle-app\target\classes started by admin in C:\Users\admin\IdeaProjects\Nagaraju\Day20\vehicle-app)
2025-02-17T03:14:02.874-08:00  INFO 10976 --- [vehicle-app] [main] com.naga.app.VehicleAppApplication       : No active profile set, falling back to 1 default profile: "default"
2025-02-17T03:14:04.602-08:00  INFO 10976 --- [vehicle-app] [main] o.s.b.w.embedded.tomcat.TomcatWebServer  : Tomcat initialized with port 8080 (http)
2025-02-17T03:14:04.632-08:00  INFO 10976 --- [vehicle-app] [main] o.apache.catalina.core.StandardService   : Starting service [Tomcat]
2025-02-17T03:14:04.633-08:00  INFO 10976 --- [vehicle-app] [main] o.apache.catalina.core.StandardEngine    : Starting Servlet engine: [Apache Tomcat/10.1.34]
2025-02-17T03:14:04.724-08:00  INFO 10976 --- [vehicle-app] [main] o.a.c.c.C.[Tomcat].[localhost].[/]       : Initializing Spring embedded WebApplicationContext
2025-02-17T03:14:04.725-08:00  INFO 10976 --- [vehicle-app] [main] w.s.c.ServletWebServerApplicationContext : Root WebApplicationContext: initialization completed in 1749 ms
2025-02-17T03:14:05.477-08:00  INFO 10976 --- [vehicle-app] [main] o.s.b.a.e.web.EndpointLinksResolver      : Exposing 1 endpoint beneath base path '/actuator'
2025-02-17T03:14:05.581-08:00  INFO 10976 --- [vehicle-app] [main] o.s.b.w.embedded.tomcat.TomcatWebServer  : Tomcat started on port 8080 (http) with context path '/'
2025-02-17T03:14:05.598-08:00  INFO 10976 --- [vehicle-app] [main] com.naga.app.VehicleAppApplication       : Started VehicleAppApplication in 3.551 seconds (process running for 4.26)
2025-02-17T15:17:49.730-08:00  INFO 9168 --- [vehicle-app] [main] c.naga.app.VehicleAppApplicationTests    : Starting VehicleAppApplicationTests using Java 23.0.2 with PID 9168 (started by admin in C:\Users\admin\IdeaProjects\Nagaraju\Day20\vehicle-app)
2025-02-17T15:17:49.733-08:00  INFO 9168 --- [vehicle-app] [main] c.naga.app.VehicleAppApplicationTests    : No active profile set, falling back to 1 default profile: "default"
2025-02-17T15:17:53.284-08:00  INFO 9168 --- [vehicle-app] [main] o.s.b.a.e.web.EndpointLinksResolver      : Exposing 1 endpoint beneath base path '/actuator'
2025-02-17T15:17:53.412-08:00  INFO 9168 --- [vehicle-app] [main] c.naga.app.VehicleAppApplicationTests    : Started VehicleAppApplicationTests in 4.499 seconds (process running for 6.547)
2025-02-17T15:18:16.558-08:00  INFO 12132 --- [vehicle-app] [main] com.naga.app.VehicleAppApplication       : Starting VehicleAppApplication using Java 23.0.2 with PID 12132 (C:\Users\admin\IdeaProjects\Nagaraju\Day20\vehicle-app\target\classes started by admin in C:\Users\admin\IdeaProjects\Nagaraju\Day20\vehicle-app)
2025-02-17T15:18:16.562-08:00  INFO 12132 --- [vehicle-app] [main] com.naga.app.VehicleAppApplication       : No active profile set, falling back to 1 default profile: "default"
2025-02-17T15:18:18.326-08:00  INFO 12132 --- [vehicle-app] [main] o.s.b.w.embedded.tomcat.TomcatWebServer  : Tomcat initialized with port 8080 (http)
2025-02-17T15:18:18.349-08:00  INFO 12132 --- [vehicle-app] [main] o.apache.catalina.core.StandardService   : Starting service [Tomcat]
2025-02-17T15:18:18.352-08:00  INFO 12132 --- [vehicle-app] [main] o.apache.catalina.core.StandardEngine    : Starting Servlet engine: [Apache Tomcat/10.1.34]
2025-02-17T15:18:18.448-08:00  INFO 12132 --- [vehicle-app] [main] o.a.c.c.C.[Tomcat].[localhost].[/]       : Initializing Spring embedded WebApplicationContext
2025-02-17T15:18:18.449-08:00  INFO 12132 --- [vehicle-app] [main] w.s.c.ServletWebServerApplicationContext : Root WebApplicationContext: initialization completed in 1777 ms
2025-02-17T15:18:19.237-08:00  INFO 12132 --- [vehicle-app] [main] o.s.b.a.e.web.EndpointLinksResolver      : Exposing 1 endpoint beneath base path '/actuator'
2025-02-17T15:18:19.334-08:00  INFO 12132 --- [vehicle-app] [main] o.s.b.w.embedded.tomcat.TomcatWebServer  : Tomcat started on port 8080 (http) with context path '/'
2025-02-17T15:18:19.353-08:00  INFO 12132 --- [vehicle-app] [main] com.naga.app.VehicleAppApplication       : Started VehicleAppApplication in 3.645 seconds (process running for 4.325)
